<?xml version="1.0" encoding="UTF-8"?>
<!-- Generated by org.testng.reporters.JUnitReportReporter -->
<testsuite skipped="0" hostname="IBM627-PC07HR75" name="mavenProject.Google" tests="1" failures="0" timestamp="07 Mar 2019 09:50:54 GMT" time="0.033" errors="0">
  <testcase name="f" time="0.033" classname="mavenProject.Google"/>
</testsuite> <!-- mavenProject.Google -->
